{
  "RSpec": {
    "coverage": {
      "/Users/maeda/environment/hikensha_net/app/helpers/account_activations_helper.rb": [
        1,
        null
      ],
      "/Users/maeda/environment/hikensha_net/app/helpers/application_helper.rb": [
        1,
        null,
        1,
        36,
        36,
        8,
        null,
        28,
        null,
        null,
        null
      ],
      "/Users/maeda/environment/hikensha_net/app/helpers/experiments_helper.rb": [
        1,
        null
      ],
      "/Users/maeda/environment/hikensha_net/app/helpers/password_resets_helper.rb": [
        1,
        null
      ],
      "/Users/maeda/environment/hikensha_net/app/helpers/sessions_helper.rb": [
        1,
        null,
        1,
        21,
        null,
        null,
        null,
        1,
        17,
        17,
        17,
        null,
        null,
        null,
        1,
        9,
        null,
        null,
        null,
        1,
        117,
        83,
        34,
        2,
        2,
        1,
        1,
        null,
        null,
        null,
        null,
        null,
        1,
        63,
        null,
        null,
        null,
        1,
        5,
        5,
        5,
        null,
        null,
        null,
        1,
        2,
        2,
        2,
        null,
        null,
        null,
        1,
        18,
        18,
        null,
        null,
        null,
        1,
        7,
        null,
        null
      ],
      "/Users/maeda/environment/hikensha_net/app/helpers/static_pages_helper.rb": [
        1,
        null
      ],
      "/Users/maeda/environment/hikensha_net/app/helpers/users_helper.rb": [
        1,
        null
      ],
      "/Users/maeda/environment/hikensha_net/app/mailers/user_mailer.rb": [
        1,
        null,
        1,
        2,
        2,
        null,
        null,
        1,
        3,
        3,
        null,
        null
      ],
      "/Users/maeda/environment/hikensha_net/app/mailers/application_mailer.rb": [
        1,
        1,
        1,
        null
      ],
      "/Users/maeda/environment/hikensha_net/app/models/experiment.rb": [
        1,
        1,
        null,
        1,
        1,
        null
      ],
      "/Users/maeda/environment/hikensha_net/app/models/application_record.rb": [
        1,
        1,
        null
      ],
      "/Users/maeda/environment/hikensha_net/app/models/user.rb": [
        1,
        1,
        1,
        1,
        1,
        1,
        1,
        1,
        1,
        null,
        null,
        1,
        1,
        null,
        null,
        1,
        103,
        null,
        103,
        null,
        null,
        null,
        1,
        105,
        null,
        null,
        null,
        1,
        17,
        17,
        null,
        null,
        null,
        1,
        11,
        11,
        10,
        null,
        null,
        null,
        1,
        5,
        null,
        null,
        null,
        1,
        1,
        null,
        null,
        null,
        1,
        1,
        null,
        null,
        null,
        1,
        2,
        2,
        null,
        null,
        null,
        null,
        null,
        1,
        2,
        null,
        null,
        null,
        1,
        5,
        null,
        null,
        null,
        null,
        1,
        1,
        null,
        null,
        1,
        null,
        null,
        1,
        115,
        null,
        null,
        null,
        1,
        83,
        83,
        null,
        null
      ],
      "/Users/maeda/environment/hikensha_net/app/controllers/application_controller.rb": [
        1,
        1,
        null,
        1,
        null,
        1,
        25,
        7,
        7,
        7,
        null,
        null,
        null
      ],
      "/Users/maeda/environment/hikensha_net/app/controllers/sessions_controller.rb": [
        1,
        1,
        null,
        null,
        1,
        20,
        20,
        19,
        18,
        18,
        18,
        null,
        null,
        1,
        1,
        1,
        null,
        null,
        1,
        1,
        null,
        null,
        null,
        1,
        3,
        3,
        null,
        null
      ],
      "/Users/maeda/environment/hikensha_net/app/controllers/experiments_controller.rb": [
        1,
        1,
        1,
        null,
        1,
        0,
        null,
        null,
        1,
        2,
        null,
        null,
        1,
        2,
        2,
        1,
        1,
        null,
        1,
        null,
        null,
        null,
        1,
        null,
        null,
        1,
        1,
        0,
        0,
        null,
        1,
        null,
        null,
        null,
        1,
        0,
        0,
        0,
        null,
        null,
        1,
        null,
        1,
        3,
        null,
        null,
        null,
        1,
        3,
        3,
        null,
        null
      ],
      "/Users/maeda/environment/hikensha_net/app/controllers/password_resets_controller.rb": [
        1,
        1,
        1,
        1,
        null,
        1,
        null,
        null,
        1,
        3,
        3,
        2,
        2,
        2,
        2,
        null,
        1,
        1,
        null,
        null,
        null,
        1,
        null,
        null,
        1,
        3,
        1,
        1,
        2,
        1,
        1,
        1,
        1,
        null,
        1,
        null,
        null,
        null,
        1,
        null,
        1,
        2,
        null,
        null,
        1,
        8,
        null,
        null,
        null,
        1,
        8,
        null,
        3,
        null,
        null,
        null,
        null,
        1,
        5,
        1,
        1,
        null,
        null,
        null
      ],
      "/Users/maeda/environment/hikensha_net/app/controllers/users_controller.rb": [
        1,
        1,
        1,
        1,
        null,
        1,
        1,
        null,
        null,
        1,
        0,
        0,
        null,
        null,
        1,
        3,
        null,
        null,
        1,
        2,
        2,
        1,
        1,
        1,
        null,
        1,
        null,
        null,
        null,
        1,
        1,
        null,
        null,
        1,
        3,
        3,
        2,
        2,
        null,
        1,
        null,
        null,
        null,
        1,
        2,
        2,
        2,
        1,
        null,
        1,
        1,
        null,
        null,
        null,
        1,
        null,
        1,
        5,
        null,
        null,
        null,
        null,
        1,
        9,
        9,
        3,
        null,
        null,
        null,
        null,
        1,
        2,
        null,
        null
      ],
      "/Users/maeda/environment/hikensha_net/app/controllers/static_pages_controller.rb": [
        1,
        1,
        3,
        1,
        null,
        3,
        3,
        null,
        null,
        1,
        null,
        null,
        1,
        null,
        null,
        1,
        null,
        null,
        1,
        null,
        null
      ],
      "/Users/maeda/environment/hikensha_net/app/controllers/account_activations_controller.rb": [
        1,
        null,
        1,
        3,
        3,
        1,
        1,
        1,
        1,
        null,
        2,
        2,
        null,
        null,
        null
      ],
      "/Users/maeda/environment/hikensha_net/app/jobs/application_job.rb": [
        0,
        null,
        null,
        null,
        null,
        null,
        0
      ],
      "/Users/maeda/environment/hikensha_net/app/channels/application_cable/connection.rb": [
        0,
        0,
        0,
        0
      ],
      "/Users/maeda/environment/hikensha_net/app/channels/application_cable/channel.rb": [
        0,
        0,
        0,
        0
      ]
    },
    "timestamp": 1576402767
  }
}
